<?xml version="1.0" encoding="UTF-8"?>
<testsuite xmlns:xsi="http://www.w3.org/2001/XMLSchema-instance" xsi:noNamespaceSchemaLocation="https://maven.apache.org/surefire/maven-surefire-plugin/xsd/surefire-test-report-3.0.xsd" version="3.0" name="edu.berkeley.cs.jqf.fuzz.util.NonZeroCachingCountersTest" time="0.205" tests="8" errors="0" skipped="0" failures="0">
  <properties>
    <property name="awt.toolkit" value="sun.awt.X11.XToolkit"/>
    <property name="java.specification.version" value="11"/>
    <property name="sun.cpu.isalist" value=""/>
    <property name="sun.jnu.encoding" value="UTF-8"/>
    <property name="java.class.path" value="/home/darrkest/JQF/fuzz/target/test-classes:/home/darrkest/JQF/fuzz/target/classes:/home/darrkest/.m2/repository/junit/junit/4.13.1/junit-4.13.1.jar:/home/darrkest/.m2/repository/org/hamcrest/hamcrest-core/1.3/hamcrest-core-1.3.jar:/home/darrkest/.m2/repository/com/pholser/junit-quickcheck-generators/1.0/junit-quickcheck-generators-1.0.jar:/home/darrkest/.m2/repository/com/pholser/junit-quickcheck-core/1.0/junit-quickcheck-core-1.0.jar:/home/darrkest/.m2/repository/org/javaruntype/javaruntype/1.3/javaruntype-1.3.jar:/home/darrkest/.m2/repository/org/antlr/antlr-runtime/3.1.2/antlr-runtime-3.1.2.jar:/home/darrkest/.m2/repository/ognl/ognl/3.1.12/ognl-3.1.12.jar:/home/darrkest/.m2/repository/org/javassist/javassist/3.20.0-GA/javassist-3.20.0-GA.jar:/home/darrkest/.m2/repository/ru/vyarus/generics-resolver/3.0.1/generics-resolver-3.0.1.jar:/home/darrkest/.m2/repository/org/slf4j/slf4j-api/1.7.25/slf4j-api-1.7.25.jar:/home/darrkest/JQF/instrument/target/jqf-instrument-2.1-SNAPSHOT.jar:/home/darrkest/.m2/repository/org/ow2/asm/asm/9.5/asm-9.5.jar:/home/darrkest/.m2/repository/org/jacoco/org.jacoco.report/0.8.10/org.jacoco.report-0.8.10.jar:/home/darrkest/.m2/repository/org/jacoco/org.jacoco.core/0.8.10/org.jacoco.core-0.8.10.jar:/home/darrkest/.m2/repository/org/ow2/asm/asm-commons/9.5/asm-commons-9.5.jar:/home/darrkest/.m2/repository/org/ow2/asm/asm-tree/9.5/asm-tree-9.5.jar:/home/darrkest/.m2/repository/org/mockito/mockito-core/2.23.4/mockito-core-2.23.4.jar:/home/darrkest/.m2/repository/net/bytebuddy/byte-buddy/1.9.3/byte-buddy-1.9.3.jar:/home/darrkest/.m2/repository/net/bytebuddy/byte-buddy-agent/1.9.3/byte-buddy-agent-1.9.3.jar:/home/darrkest/.m2/repository/org/objenesis/objenesis/2.6/objenesis-2.6.jar:/home/darrkest/.m2/repository/org/hamcrest/hamcrest-library/1.3/hamcrest-library-1.3.jar:/home/darrkest/.m2/repository/info/picocli/picocli/4.0.4/picocli-4.0.4.jar:/home/darrkest/.m2/repository/org/eclipse/collections/eclipse-collections/10.4.0/eclipse-collections-10.4.0.jar:/home/darrkest/.m2/repository/org/eclipse/collections/eclipse-collections-api/10.4.0/eclipse-collections-api-10.4.0.jar:"/>
    <property name="java.vm.vendor" value="Ubuntu"/>
    <property name="sun.arch.data.model" value="64"/>
    <property name="java.vendor.url" value="https://ubuntu.com/"/>
    <property name="user.timezone" value=""/>
    <property name="java.vm.specification.version" value="11"/>
    <property name="os.name" value="Linux"/>
    <property name="sun.java.launcher" value="SUN_STANDARD"/>
    <property name="sun.boot.library.path" value="/usr/lib/jvm/java-11-openjdk-amd64/lib"/>
    <property name="sun.java.command" value="/home/darrkest/JQF/fuzz/target/surefire/surefirebooter-20231127140550138_3.jar /home/darrkest/JQF/fuzz/target/surefire 2023-11-27T14-05-45_093-jvmRun1 surefire-20231127140550138_1tmp surefire_0-20231127140550138_2tmp"/>
    <property name="jdk.debug" value="release"/>
    <property name="surefire.test.class.path" value="/home/darrkest/JQF/fuzz/target/test-classes:/home/darrkest/JQF/fuzz/target/classes:/home/darrkest/.m2/repository/junit/junit/4.13.1/junit-4.13.1.jar:/home/darrkest/.m2/repository/org/hamcrest/hamcrest-core/1.3/hamcrest-core-1.3.jar:/home/darrkest/.m2/repository/com/pholser/junit-quickcheck-generators/1.0/junit-quickcheck-generators-1.0.jar:/home/darrkest/.m2/repository/com/pholser/junit-quickcheck-core/1.0/junit-quickcheck-core-1.0.jar:/home/darrkest/.m2/repository/org/javaruntype/javaruntype/1.3/javaruntype-1.3.jar:/home/darrkest/.m2/repository/org/antlr/antlr-runtime/3.1.2/antlr-runtime-3.1.2.jar:/home/darrkest/.m2/repository/ognl/ognl/3.1.12/ognl-3.1.12.jar:/home/darrkest/.m2/repository/org/javassist/javassist/3.20.0-GA/javassist-3.20.0-GA.jar:/home/darrkest/.m2/repository/ru/vyarus/generics-resolver/3.0.1/generics-resolver-3.0.1.jar:/home/darrkest/.m2/repository/org/slf4j/slf4j-api/1.7.25/slf4j-api-1.7.25.jar:/home/darrkest/JQF/instrument/target/jqf-instrument-2.1-SNAPSHOT.jar:/home/darrkest/.m2/repository/org/ow2/asm/asm/9.5/asm-9.5.jar:/home/darrkest/.m2/repository/org/jacoco/org.jacoco.report/0.8.10/org.jacoco.report-0.8.10.jar:/home/darrkest/.m2/repository/org/jacoco/org.jacoco.core/0.8.10/org.jacoco.core-0.8.10.jar:/home/darrkest/.m2/repository/org/ow2/asm/asm-commons/9.5/asm-commons-9.5.jar:/home/darrkest/.m2/repository/org/ow2/asm/asm-tree/9.5/asm-tree-9.5.jar:/home/darrkest/.m2/repository/org/mockito/mockito-core/2.23.4/mockito-core-2.23.4.jar:/home/darrkest/.m2/repository/net/bytebuddy/byte-buddy/1.9.3/byte-buddy-1.9.3.jar:/home/darrkest/.m2/repository/net/bytebuddy/byte-buddy-agent/1.9.3/byte-buddy-agent-1.9.3.jar:/home/darrkest/.m2/repository/org/objenesis/objenesis/2.6/objenesis-2.6.jar:/home/darrkest/.m2/repository/org/hamcrest/hamcrest-library/1.3/hamcrest-library-1.3.jar:/home/darrkest/.m2/repository/info/picocli/picocli/4.0.4/picocli-4.0.4.jar:/home/darrkest/.m2/repository/org/eclipse/collections/eclipse-collections/10.4.0/eclipse-collections-10.4.0.jar:/home/darrkest/.m2/repository/org/eclipse/collections/eclipse-collections-api/10.4.0/eclipse-collections-api-10.4.0.jar:"/>
    <property name="sun.cpu.endian" value="little"/>
    <property name="user.home" value="/home/darrkest"/>
    <property name="user.language" value="en"/>
    <property name="java.specification.vendor" value="Oracle Corporation"/>
    <property name="java.version.date" value="2023-08-24"/>
    <property name="java.home" value="/usr/lib/jvm/java-11-openjdk-amd64"/>
    <property name="file.separator" value="/"/>
    <property name="basedir" value="/home/darrkest/JQF/fuzz"/>
    <property name="java.vm.compressedOopsMode" value="32-bit"/>
    <property name="line.separator" value="&#10;"/>
    <property name="java.specification.name" value="Java Platform API Specification"/>
    <property name="java.vm.specification.vendor" value="Oracle Corporation"/>
    <property name="java.awt.graphicsenv" value="sun.awt.X11GraphicsEnvironment"/>
    <property name="surefire.real.class.path" value="/home/darrkest/JQF/fuzz/target/surefire/surefirebooter-20231127140550138_3.jar"/>
    <property name="sun.management.compiler" value="HotSpot 64-Bit Tiered Compilers"/>
    <property name="java.runtime.version" value="11.0.20.1+1-post-Ubuntu-0ubuntu122.04"/>
    <property name="user.name" value="darrkest"/>
    <property name="path.separator" value=":"/>
    <property name="os.version" value="4.4.0-19041-Microsoft"/>
    <property name="java.runtime.name" value="OpenJDK Runtime Environment"/>
    <property name="file.encoding" value="UTF-8"/>
    <property name="java.vm.name" value="OpenJDK 64-Bit Server VM"/>
    <property name="localRepository" value="/home/darrkest/.m2/repository"/>
    <property name="java.vendor.url.bug" value="https://bugs.launchpad.net/ubuntu/+source/openjdk-lts"/>
    <property name="java.io.tmpdir" value="/tmp"/>
    <property name="java.version" value="11.0.20.1"/>
    <property name="user.dir" value="/home/darrkest/JQF/fuzz"/>
    <property name="os.arch" value="amd64"/>
    <property name="java.vm.specification.name" value="Java Virtual Machine Specification"/>
    <property name="java.awt.printerjob" value="sun.print.PSPrinterJob"/>
    <property name="sun.os.patch.level" value="unknown"/>
    <property name="java.library.path" value="/usr/java/packages/lib:/usr/lib/x86_64-linux-gnu/jni:/lib/x86_64-linux-gnu:/usr/lib/x86_64-linux-gnu:/usr/lib/jni:/lib:/usr/lib"/>
    <property name="java.vm.info" value="mixed mode, sharing"/>
    <property name="java.vendor" value="Ubuntu"/>
    <property name="java.vm.version" value="11.0.20.1+1-post-Ubuntu-0ubuntu122.04"/>
    <property name="java.specification.maintenance.version" value="2"/>
    <property name="sun.io.unicode.encoding" value="UnicodeLittle"/>
    <property name="java.class.version" value="55.0"/>
  </properties>
  <testcase name="nonZeroValuesIsAccurate" classname="edu.berkeley.cs.jqf.fuzz.util.NonZeroCachingCountersTest" time="0"/>
  <testcase name="setAtIndexWorks" classname="edu.berkeley.cs.jqf.fuzz.util.NonZeroCachingCountersTest" time="0"/>
  <testcase name="incrementDeltaWorks" classname="edu.berkeley.cs.jqf.fuzz.util.NonZeroCachingCountersTest" time="0.025"/>
  <testcase name="incrementDeltaWorks" classname="edu.berkeley.cs.jqf.fuzz.util.NonZeroCachingCountersTest" time="0.068"/>
  <testcase name="nonZeroSizeIsAccurate" classname="edu.berkeley.cs.jqf.fuzz.util.NonZeroCachingCountersTest" time="0.002"/>
  <testcase name="clearsToZero" classname="edu.berkeley.cs.jqf.fuzz.util.NonZeroCachingCountersTest" time="0.049"/>
  <testcase name="incrementWorks" classname="edu.berkeley.cs.jqf.fuzz.util.NonZeroCachingCountersTest" time="0.038"/>
  <testcase name="nonZeroIndicesIsAccurate" classname="edu.berkeley.cs.jqf.fuzz.util.NonZeroCachingCountersTest" time="0.021"/>
</testsuite>